<?xml version="1.0" encoding="UTF-8"?>
<!-- Generated by org.testng.reporters.JUnitReportReporter -->
<testsuite hostname="DESKTOP-EH3URSF" name="jenkinsCICD.TC001" tests="3" failures="0" timestamp="31 Mar 2019 04:29:54 GMT" time="15.310" errors="0">
  <testcase name="Login" time="4.173" classname="jenkinsCICD.TC001"/>
  <testcase name="Login" time="6.375" classname="jenkinsCICD.TC001"/>
  <testcase name="Login" time="4.762" classname="jenkinsCICD.TC001"/>
</testsuite> <!-- jenkinsCICD.TC001 -->
